2018-05-26 11:27:36 3952 [Note] Plugin 'FEDERATED' is disabled.
2018-05-26 11:27:36 3952 [Note] InnoDB: The InnoDB memory heap is disabled
2018-05-26 11:27:36 3952 [Note] InnoDB: Mutexes and rw_locks use Windows interlocked functions
2018-05-26 11:27:36 3952 [Note] InnoDB: Compressed tables use zlib 1.2.3
2018-05-26 11:27:36 3952 [Note] InnoDB: Not using CPU crc32 instructions
2018-05-26 11:27:36 3952 [Note] InnoDB: Initializing buffer pool, size = 128.0M
2018-05-26 11:27:36 3952 [Note] InnoDB: Completed initialization of buffer pool
2018-05-26 11:27:36 3952 [Note] InnoDB: Setting log file C:\Users\User\Desktop\USBWebserver v8.6\mysql\data\ib_logfile101 size to 5 MB
2018-05-26 11:27:36 3952 [Note] InnoDB: Setting log file C:\Users\User\Desktop\USBWebserver v8.6\mysql\data\ib_logfile1 size to 5 MB
2018-05-26 11:27:36 3952 [Note] InnoDB: Renaming log file C:\Users\User\Desktop\USBWebserver v8.6\mysql\data\ib_logfile101 to C:\Users\User\Desktop\USBWebserver v8.6\mysql\data\ib_logfile0
2018-05-26 11:27:36 3952 [Warning] InnoDB: New log files created, LSN=1626134
2018-05-26 11:27:36 3952 [Note] InnoDB: Highest supported file format is Barracuda.
2018-05-26 11:27:37 3952 [Note] InnoDB: 128 rollback segment(s) are active.
2018-05-26 11:27:37 3952 [Note] InnoDB: Waiting for purge to start
2018-05-26 11:27:37 3952 [Note] InnoDB: 5.6.13 started; log sequence number 1626636
2018-05-26 11:27:37 3952 [Warning] No existing UUID has been found, so we assume that this is the first time that this server has been started. Generating a new UUID: b3b17066-6101-11e8-9616-a0a8cd727396.
2018-05-26 11:27:37 3952 [Note] Server hostname (bind-address): '*'; port: 3307
2018-05-26 11:27:37 3952 [Note] IPv6 is available.
2018-05-26 11:27:37 3952 [Note]   - '::' resolves to '::';
2018-05-26 11:27:37 3952 [Note] Server socket created on IP: '::'.
2018-05-31 00:22:22 940 [Note] Plugin 'FEDERATED' is disabled.
2018-05-31 00:22:22 940 [Note] InnoDB: The InnoDB memory heap is disabled
2018-05-31 00:22:22 940 [Note] InnoDB: Mutexes and rw_locks use Windows interlocked functions
2018-05-31 00:22:22 940 [Note] InnoDB: Compressed tables use zlib 1.2.3
2018-05-31 00:22:22 940 [Note] InnoDB: Not using CPU crc32 instructions
2018-05-31 00:22:22 940 [Note] InnoDB: Initializing buffer pool, size = 128.0M
2018-05-31 00:22:23 940 [Note] InnoDB: Completed initialization of buffer pool
2018-05-31 00:22:23 940 [Note] InnoDB: Highest supported file format is Barracuda.
2018-05-31 00:22:23 940 [Note] InnoDB: The log sequence numbers 1626134 and 1626134 in ibdata files do not match the log sequence number 1676360 in the ib_logfiles!
2018-05-31 00:22:23 940 [Note] InnoDB: Database was not shutdown normally!
2018-05-31 00:22:23 940 [Note] InnoDB: Starting crash recovery.
2018-05-31 00:22:23 940 [Note] InnoDB: Reading tablespace information from the .ibd files...
2018-05-31 00:22:23 940 [Note] InnoDB: Restoring possible half-written data pages 
2018-05-31 00:22:23 940 [Note] InnoDB: from the doublewrite buffer...
2018-05-31 00:22:24 940 [Note] InnoDB: 128 rollback segment(s) are active.
2018-05-31 00:22:24 940 [Note] InnoDB: Waiting for purge to start
2018-05-31 00:22:24 940 [Note] InnoDB: 5.6.13 started; log sequence number 1676360
2018-05-31 00:22:25 940 [Note] Server hostname (bind-address): '*'; port: 3307
2018-05-31 00:22:25 940 [Note] IPv6 is available.
2018-05-31 00:22:25 940 [Note]   - '::' resolves to '::';
2018-05-31 00:22:25 940 [Note] Server socket created on IP: '::'.
2018-05-31 20:13:13 5968 [Note] Plugin 'FEDERATED' is disabled.
2018-05-31 20:13:13 5968 [Note] InnoDB: The InnoDB memory heap is disabled
2018-05-31 20:13:13 5968 [Note] InnoDB: Mutexes and rw_locks use Windows interlocked functions
2018-05-31 20:13:13 5968 [Note] InnoDB: Compressed tables use zlib 1.2.3
2018-05-31 20:13:13 5968 [Note] InnoDB: Not using CPU crc32 instructions
2018-05-31 20:13:13 5968 [Note] InnoDB: Initializing buffer pool, size = 128.0M
2018-05-31 20:13:13 5968 [Note] InnoDB: Completed initialization of buffer pool
2018-05-31 20:13:13 5968 [Note] InnoDB: Highest supported file format is Barracuda.
2018-05-31 20:13:13 5968 [Note] InnoDB: The log sequence numbers 1626134 and 1626134 in ibdata files do not match the log sequence number 1735443 in the ib_logfiles!
2018-05-31 20:13:13 5968 [Note] InnoDB: Database was not shutdown normally!
2018-05-31 20:13:13 5968 [Note] InnoDB: Starting crash recovery.
2018-05-31 20:13:13 5968 [Note] InnoDB: Reading tablespace information from the .ibd files...
2018-05-31 20:13:13 5968 [Note] InnoDB: Restoring possible half-written data pages 
2018-05-31 20:13:13 5968 [Note] InnoDB: from the doublewrite buffer...
2018-05-31 20:13:14 5968 [Note] InnoDB: 128 rollback segment(s) are active.
2018-05-31 20:13:15 5968 [Note] InnoDB: Waiting for purge to start
2018-05-31 20:13:15 5968 [Note] InnoDB: 5.6.13 started; log sequence number 1735443
2018-05-31 20:13:15 5968 [Note] Server hostname (bind-address): '*'; port: 3307
2018-05-31 20:13:15 5968 [Note] IPv6 is available.
2018-05-31 20:13:15 5968 [Note]   - '::' resolves to '::';
2018-05-31 20:13:15 5968 [Note] Server socket created on IP: '::'.
2018-05-31 21:12:30 3852 [Note] Plugin 'FEDERATED' is disabled.
2018-05-31 21:12:30 3852 [Note] InnoDB: The InnoDB memory heap is disabled
2018-05-31 21:12:30 3852 [Note] InnoDB: Mutexes and rw_locks use Windows interlocked functions
2018-05-31 21:12:30 3852 [Note] InnoDB: Compressed tables use zlib 1.2.3
2018-05-31 21:12:30 3852 [Note] InnoDB: Not using CPU crc32 instructions
2018-05-31 21:12:30 3852 [Note] InnoDB: Initializing buffer pool, size = 128.0M
2018-05-31 21:12:30 3852 [Note] InnoDB: Completed initialization of buffer pool
2018-05-31 21:12:30 3852 [Note] InnoDB: Highest supported file format is Barracuda.
2018-05-31 21:12:30 3852 [Note] InnoDB: The log sequence numbers 1626134 and 1626134 in ibdata files do not match the log sequence number 1735453 in the ib_logfiles!
2018-05-31 21:12:30 3852 [Note] InnoDB: Database was not shutdown normally!
2018-05-31 21:12:30 3852 [Note] InnoDB: Starting crash recovery.
2018-05-31 21:12:30 3852 [Note] InnoDB: Reading tablespace information from the .ibd files...
2018-05-31 21:12:30 3852 [Note] InnoDB: Restoring possible half-written data pages 
2018-05-31 21:12:30 3852 [Note] InnoDB: from the doublewrite buffer...
2018-05-31 21:12:31 3852 [Note] InnoDB: 128 rollback segment(s) are active.
2018-05-31 21:12:31 3852 [Note] InnoDB: Waiting for purge to start
2018-05-31 21:12:31 3852 [Note] InnoDB: 5.6.13 started; log sequence number 1735453
2018-05-31 21:12:31 3852 [Note] Server hostname (bind-address): '*'; port: 3307
2018-05-31 21:12:31 3852 [Note] IPv6 is available.
2018-05-31 21:12:31 3852 [Note]   - '::' resolves to '::';
2018-05-31 21:12:31 3852 [Note] Server socket created on IP: '::'.
